Release 14.7 - xst P.20131013 (nt64)
Copyright (c) 1995-2013 Xilinx, Inc.  All rights reserved.
--> Parameter TMPDIR set to xst/projnav.tmp


Total REAL time to Xst completion: 0.00 secs
Total CPU time to Xst completion: 0.39 secs
 
--> Parameter xsthdpdir set to xst


Total REAL time to Xst completion: 0.00 secs
Total CPU time to Xst completion: 0.39 secs
 
--> Reading design: array_multiplier.prj

TABLE OF CONTENTS
  1) Synthesis Options Summary
  2) HDL Parsing
  3) HDL Elaboration
  4) HDL Synthesis
       4.1) HDL Synthesis Report
  5) Advanced HDL Synthesis
       5.1) Advanced HDL Synthesis Report
  6) Low Level Synthesis
  7) Partition Report
  8) Design Summary
       8.1) Primitive and Black Box Usage
       8.2) Device utilization summary
       8.3) Partition Resource Summary
       8.4) Timing Report
            8.4.1) Clock Information
            8.4.2) Asynchronous Control Signals Information
            8.4.3) Timing Summary
            8.4.4) Timing Details
            8.4.5) Cross Clock Domains Report


=========================================================================
*                      Synthesis Options Summary                        *
=========================================================================
---- Source Parameters
Input File Name                    : "array_multiplier.prj"
Ignore Synthesis Constraint File   : NO

---- Target Parameters
Output File Name                   : "array_multiplier"
Output Format                      : NGC
Target Device                      : xc7a100t-3-csg324

---- Source Options
Top Module Name                    : array_multiplier
Automatic FSM Extraction           : YES
FSM Encoding Algorithm             : Auto
Safe Implementation                : No
FSM Style                          : LUT
RAM Extraction                     : Yes
RAM Style                          : Auto
ROM Extraction                     : Yes
Shift Register Extraction          : YES
ROM Style                          : Auto
Resource Sharing                   : YES
Asynchronous To Synchronous        : NO
Shift Register Minimum Size        : 2
Use DSP Block                      : Auto
Automatic Register Balancing       : No

---- Target Options
LUT Combining                      : Auto
Reduce Control Sets                : Auto
Add IO Buffers                     : YES
Global Maximum Fanout              : 100000
Add Generic Clock Buffer(BUFG)     : 32
Register Duplication               : YES
Optimize Instantiated Primitives   : NO
Use Clock Enable                   : Auto
Use Synchronous Set                : Auto
Use Synchronous Reset              : Auto
Pack IO Registers into IOBs        : Auto
Equivalent register Removal        : YES

---- General Options
Optimization Goal                  : Speed
Optimization Effort                : 1
Power Reduction                    : NO
Keep Hierarchy                     : No
Netlist Hierarchy                  : As_Optimized
RTL Output                         : Yes
Global Optimization                : AllClockNets
Read Cores                         : YES
Write Timing Constraints           : NO
Cross Clock Analysis               : NO
Hierarchy Separator                : /
Bus Delimiter                      : <>
Case Specifier                     : Maintain
Slice Utilization Ratio            : 100
BRAM Utilization Ratio             : 100
DSP48 Utilization Ratio            : 100
Auto BRAM Packing                  : NO
Slice Utilization Ratio Delta      : 5

=========================================================================


=========================================================================
*                          HDL Parsing                                  *
=========================================================================
Analyzing Verilog file "D:\VLSI\Assignment2\array_multiplier.v" into library work
Parsing module <array_multiplier>.
Parsing module <layer_multiply>.
Parsing module <layer_multiply_and_flip>.
Parsing module <full_adder>.
Parsing module <half_adder>.

=========================================================================
*                            HDL Elaboration                            *
=========================================================================

Elaborating module <array_multiplier>.

Elaborating module <layer_multiply>.

Elaborating module <layer_multiply_and_flip>.

Elaborating module <half_adder>.

Elaborating module <full_adder>.
WARNING:HDLCompiler:1127 - "D:\VLSI\Assignment2\array_multiplier.v" Line 169: Assignment to useless_carry ignored, since the identifier is never used

=========================================================================
*                           HDL Synthesis                               *
=========================================================================

Synthesizing Unit <array_multiplier>.
    Related source file is "D:\VLSI\Assignment2\array_multiplier.v".
INFO:Xst:3210 - "D:\VLSI\Assignment2\array_multiplier.v" line 169: Output port <carry_out> of the instance <h7> is unconnected or connected to loadless signal.
    Summary:
	no macro.
Unit <array_multiplier> synthesized.

Synthesizing Unit <layer_multiply>.
    Related source file is "D:\VLSI\Assignment2\array_multiplier.v".
    Summary:
Unit <layer_multiply> synthesized.

Synthesizing Unit <layer_multiply_and_flip>.
    Related source file is "D:\VLSI\Assignment2\array_multiplier.v".
    Summary:
Unit <layer_multiply_and_flip> synthesized.

Synthesizing Unit <half_adder>.
    Related source file is "D:\VLSI\Assignment2\array_multiplier.v".
    Summary:
Unit <half_adder> synthesized.

Synthesizing Unit <full_adder>.
    Related source file is "D:\VLSI\Assignment2\array_multiplier.v".
    Summary:
Unit <full_adder> synthesized.

=========================================================================
HDL Synthesis Report

Macro Statistics
# Xors                                                 : 80
 1-bit xor2                                            : 80

=========================================================================

=========================================================================
*                       Advanced HDL Synthesis                          *
=========================================================================


=========================================================================
Advanced HDL Synthesis Report

Macro Statistics
# Xors                                                 : 80
 1-bit xor2                                            : 80

=========================================================================

=========================================================================
*                         Low Level Synthesis                           *
=========================================================================

Optimizing unit <array_multiplier> ...

Mapping all equations...
Building and optimizing final netlist ...
Found area constraint ratio of 100 (+ 5) on block array_multiplier, actual ratio is 0.

Final Macro Processing ...

=========================================================================
Final Register Report

Found no macro
=========================================================================

=========================================================================
*                           Partition Report                            *
=========================================================================

Partition Implementation Status
-------------------------------

  No Partitions were found in this design.

-------------------------------

=========================================================================
*                            Design Summary                             *
=========================================================================

Top Level Output File Name         : array_multiplier.ngc

Primitive and Black Box Usage:
------------------------------
# BELS                             : 70
#      LUT2                        : 9
#      LUT3                        : 10
#      LUT4                        : 9
#      LUT5                        : 8
#      LUT6                        : 34
# IO Buffers                       : 27
#      IBUF                        : 14
#      OBUF                        : 13

Device utilization summary:
---------------------------

Selected Device : 7a100tcsg324-3 


Slice Logic Utilization: 
 Number of Slice LUTs:                   70  out of  63400     0%  
    Number used as Logic:                70  out of  63400     0%  

Slice Logic Distribution: 
 Number of LUT Flip Flop pairs used:     70
   Number with an unused Flip Flop:      70  out of     70   100%  
   Number with an unused LUT:             0  out of     70     0%  
   Number of fully used LUT-FF pairs:     0  out of     70     0%  
   Number of unique control sets:         0

IO Utilization: 
 Number of IOs:                          27
 Number of bonded IOBs:                  27  out of    210    12%  

Specific Feature Utilization:

---------------------------
Partition Resource Summary:
---------------------------

  No Partitions were found in this design.

---------------------------


=========================================================================
Timing Report

NOTE: THESE TIMING NUMBERS ARE ONLY A SYNTHESIS ESTIMATE.
      FOR ACCURATE TIMING INFORMATION PLEASE REFER TO THE TRACE REPORT
      GENERATED AFTER PLACE-and-ROUTE.

Clock Information:
------------------
No clock signals found in this design

Asynchronous Control Signals Information:
----------------------------------------
No asynchronous control signals found in this design

Timing Summary:
---------------
Speed Grade: -3

   Minimum period: No path found
   Minimum input arrival time before clock: No path found
   Maximum output required time after clock: No path found
   Maximum combinational path delay: 8.080ns

Timing Details:
---------------
All values displayed in nanoseconds (ns)

=========================================================================
Timing constraint: Default path analysis
  Total number of paths / destination ports: 35531 / 13
-------------------------------------------------------------------------
Delay:               8.080ns (Levels of Logic = 13)
  Source:            a<3> (PAD)
  Destination:       c<12> (PAD)

  Data Path: a<3> to c<12>
                                Gate     Net
    Cell:in->out      fanout   Delay   Delay  Logical Name (Net Name)
    ----------------------------------------  ------------
     IBUF:I->O            15   0.001   0.444  a_3_IBUF (a_3_IBUF)
     LUT2:I0->O            2   0.097   0.698  layer0/c<3>1 (p<3>)
     LUT6:I0->O            3   0.097   0.521  f3/carry_out1 (carrys1<2>)
     LUT6:I3->O            3   0.097   0.703  f5/carry_out1 (carrys1<4>)
     LUT6:I0->O            2   0.097   0.698  f6/Mxor_sum_xo<0>1 (sums1<5>)
     LUT6:I0->O            3   0.097   0.521  f11/Mxor_sum_xo<0>1 (sums2<4>)
     LUT4:I1->O            2   0.097   0.384  f16/carry_out1 (carrys3<3>)
     LUT6:I4->O            2   0.097   0.688  f18/carry_out1 (carrys3<5>)
     LUT5:I0->O            3   0.097   0.703  f19/carry_out1 (carrys3<6>)
     LUT6:I0->O            2   0.097   0.688  f25/Mxor_sum_xo<0>1 (sums4<6>)
     LUT5:I0->O            2   0.097   0.688  f30/carry_out1 (carrys5<5>)
     LUT6:I1->O            1   0.097   0.279  h7/Mxor_sum_xo<0>1 (c_12_OBUF)
     OBUF:I->O                 0.000          c_12_OBUF (c<12>)
    ----------------------------------------
    Total                      8.080ns (1.068ns logic, 7.012ns route)
                                       (13.2% logic, 86.8% route)

=========================================================================

Cross Clock Domains Report:
--------------------------

=========================================================================


Total REAL time to Xst completion: 11.00 secs
Total CPU time to Xst completion: 11.28 secs
 
--> 

Total memory usage is 4626184 kilobytes

Number of errors   :    0 (   0 filtered)
Number of warnings :    1 (   0 filtered)
Number of infos    :    1 (   0 filtered)

