Release 14.7 - xst P.20131013 (nt64)
Copyright (c) 1995-2013 Xilinx, Inc.  All rights reserved.
--> Parameter TMPDIR set to xst/projnav.tmp


Total REAL time to Xst completion: 0.00 secs
Total CPU time to Xst completion: 0.08 secs
 
--> Parameter xsthdpdir set to xst


Total REAL time to Xst completion: 0.00 secs
Total CPU time to Xst completion: 0.08 secs
 
--> Reading design: leftrightshift.prj

TABLE OF CONTENTS
  1) Synthesis Options Summary
  2) HDL Parsing
  3) HDL Elaboration
  4) HDL Synthesis
       4.1) HDL Synthesis Report
  5) Advanced HDL Synthesis
       5.1) Advanced HDL Synthesis Report
  6) Low Level Synthesis
  7) Partition Report
  8) Design Summary
       8.1) Primitive and Black Box Usage
       8.2) Device utilization summary
       8.3) Partition Resource Summary
       8.4) Timing Report
            8.4.1) Clock Information
            8.4.2) Asynchronous Control Signals Information
            8.4.3) Timing Summary
            8.4.4) Timing Details
            8.4.5) Cross Clock Domains Report


=========================================================================
*                      Synthesis Options Summary                        *
=========================================================================
---- Source Parameters
Input File Name                    : "leftrightshift.prj"
Ignore Synthesis Constraint File   : NO

---- Target Parameters
Output File Name                   : "leftrightshift"
Output Format                      : NGC
Target Device                      : xc7a100t-3-csg324

---- Source Options
Top Module Name                    : leftrightshift
Automatic FSM Extraction           : YES
FSM Encoding Algorithm             : Auto
Safe Implementation                : No
FSM Style                          : LUT
RAM Extraction                     : Yes
RAM Style                          : Auto
ROM Extraction                     : Yes
Shift Register Extraction          : YES
ROM Style                          : Auto
Resource Sharing                   : YES
Asynchronous To Synchronous        : NO
Shift Register Minimum Size        : 2
Use DSP Block                      : Auto
Automatic Register Balancing       : No

---- Target Options
LUT Combining                      : Auto
Reduce Control Sets                : Auto
Add IO Buffers                     : YES
Global Maximum Fanout              : 100000
Add Generic Clock Buffer(BUFG)     : 32
Register Duplication               : YES
Optimize Instantiated Primitives   : NO
Use Clock Enable                   : Auto
Use Synchronous Set                : Auto
Use Synchronous Reset              : Auto
Pack IO Registers into IOBs        : Auto
Equivalent register Removal        : YES

---- General Options
Optimization Goal                  : Speed
Optimization Effort                : 1
Power Reduction                    : NO
Keep Hierarchy                     : No
Netlist Hierarchy                  : As_Optimized
RTL Output                         : Yes
Global Optimization                : AllClockNets
Read Cores                         : YES
Write Timing Constraints           : NO
Cross Clock Analysis               : NO
Hierarchy Separator                : /
Bus Delimiter                      : <>
Case Specifier                     : Maintain
Slice Utilization Ratio            : 100
BRAM Utilization Ratio             : 100
DSP48 Utilization Ratio            : 100
Auto BRAM Packing                  : NO
Slice Utilization Ratio Delta      : 5

=========================================================================


=========================================================================
*                          HDL Parsing                                  *
=========================================================================
Analyzing Verilog file "D:\studies\6th sem\VLSI lab\DigiVLSI\Digital-VLSI\Assignment1\mux2to1.v" into library work
Parsing module <mux2to1>.
Parsing module <muxlayer1>.
Parsing module <muxlayer2>.
Parsing module <muxlayer4>.
Parsing module <muxlayer8>.
Parsing module <muxlayer16>.
Parsing module <leftshift>.
Parsing module <flipmux>.
Parsing module <leftrightshift>.

=========================================================================
*                            HDL Elaboration                            *
=========================================================================

Elaborating module <leftrightshift>.

Elaborating module <flipmux>.

Elaborating module <mux2to1>.

Elaborating module <leftshift>.

Elaborating module <muxlayer16>.

Elaborating module <muxlayer8>.

Elaborating module <muxlayer4>.

Elaborating module <muxlayer2>.

Elaborating module <muxlayer1>.

=========================================================================
*                           HDL Synthesis                               *
=========================================================================

Synthesizing Unit <leftrightshift>.
    Related source file is "D:\studies\6th sem\VLSI lab\DigiVLSI\Digital-VLSI\Assignment1\mux2to1.v".
    Summary:
	no macro.
Unit <leftrightshift> synthesized.

Synthesizing Unit <flipmux>.
    Related source file is "D:\studies\6th sem\VLSI lab\DigiVLSI\Digital-VLSI\Assignment1\mux2to1.v".
    Summary:
	no macro.
Unit <flipmux> synthesized.

Synthesizing Unit <mux2to1>.
    Related source file is "D:\studies\6th sem\VLSI lab\DigiVLSI\Digital-VLSI\Assignment1\mux2to1.v".
    Summary:
	no macro.
Unit <mux2to1> synthesized.

Synthesizing Unit <leftshift>.
    Related source file is "D:\studies\6th sem\VLSI lab\DigiVLSI\Digital-VLSI\Assignment1\mux2to1.v".
    Summary:
	no macro.
Unit <leftshift> synthesized.

Synthesizing Unit <muxlayer16>.
    Related source file is "D:\studies\6th sem\VLSI lab\DigiVLSI\Digital-VLSI\Assignment1\mux2to1.v".
    Summary:
	no macro.
Unit <muxlayer16> synthesized.

Synthesizing Unit <muxlayer8>.
    Related source file is "D:\studies\6th sem\VLSI lab\DigiVLSI\Digital-VLSI\Assignment1\mux2to1.v".
    Summary:
	no macro.
Unit <muxlayer8> synthesized.

Synthesizing Unit <muxlayer4>.
    Related source file is "D:\studies\6th sem\VLSI lab\DigiVLSI\Digital-VLSI\Assignment1\mux2to1.v".
    Summary:
	no macro.
Unit <muxlayer4> synthesized.

Synthesizing Unit <muxlayer2>.
    Related source file is "D:\studies\6th sem\VLSI lab\DigiVLSI\Digital-VLSI\Assignment1\mux2to1.v".
    Summary:
	no macro.
Unit <muxlayer2> synthesized.

Synthesizing Unit <muxlayer1>.
    Related source file is "D:\studies\6th sem\VLSI lab\DigiVLSI\Digital-VLSI\Assignment1\mux2to1.v".
    Summary:
	no macro.
Unit <muxlayer1> synthesized.

=========================================================================
HDL Synthesis Report

Found no macro
=========================================================================

=========================================================================
*                       Advanced HDL Synthesis                          *
=========================================================================


=========================================================================
Advanced HDL Synthesis Report

Found no macro
=========================================================================

=========================================================================
*                         Low Level Synthesis                           *
=========================================================================

Optimizing unit <leftrightshift> ...

Mapping all equations...
Building and optimizing final netlist ...
Found area constraint ratio of 100 (+ 5) on block leftrightshift, actual ratio is 0.

Final Macro Processing ...

=========================================================================
Final Register Report

Found no macro
=========================================================================

=========================================================================
*                           Partition Report                            *
=========================================================================

Partition Implementation Status
-------------------------------

  No Partitions were found in this design.

-------------------------------

=========================================================================
*                            Design Summary                             *
=========================================================================

Top Level Output File Name         : leftrightshift.ngc

Primitive and Black Box Usage:
------------------------------
# BELS                             : 128
#      LUT3                        : 32
#      LUT5                        : 4
#      LUT6                        : 92
# IO Buffers                       : 70
#      IBUF                        : 38
#      OBUF                        : 32

Device utilization summary:
---------------------------

Selected Device : 7a100tcsg324-3 


Slice Logic Utilization: 
 Number of Slice LUTs:                  128  out of  63400     0%  
    Number used as Logic:               128  out of  63400     0%  

Slice Logic Distribution: 
 Number of LUT Flip Flop pairs used:    128
   Number with an unused Flip Flop:     128  out of    128   100%  
   Number with an unused LUT:             0  out of    128     0%  
   Number of fully used LUT-FF pairs:     0  out of    128     0%  
   Number of unique control sets:         0

IO Utilization: 
 Number of IOs:                          70
 Number of bonded IOBs:                  70  out of    210    33%  

Specific Feature Utilization:

---------------------------
Partition Resource Summary:
---------------------------

  No Partitions were found in this design.

---------------------------


=========================================================================
Timing Report

NOTE: THESE TIMING NUMBERS ARE ONLY A SYNTHESIS ESTIMATE.
      FOR ACCURATE TIMING INFORMATION PLEASE REFER TO THE TRACE REPORT
      GENERATED AFTER PLACE-and-ROUTE.

Clock Information:
------------------
No clock signals found in this design

Asynchronous Control Signals Information:
----------------------------------------
No asynchronous control signals found in this design

Timing Summary:
---------------
Speed Grade: -3

   Minimum period: No path found
   Minimum input arrival time before clock: No path found
   Maximum output required time after clock: No path found
   Maximum combinational path delay: 2.997ns

Timing Details:
---------------
All values displayed in nanoseconds (ns)

=========================================================================
Timing constraint: Default path analysis
  Total number of paths / destination ports: 6760 / 32
-------------------------------------------------------------------------
Delay:               2.997ns (Levels of Logic = 6)
  Source:            control (PAD)
  Destination:       out<30> (PAD)

  Data Path: control to out<30>
                                Gate     Net
    Cell:in->out      fanout   Delay   Delay  Logical Name (Net Name)
    ----------------------------------------  ------------
     IBUF:I->O            64   0.001   0.805  control_IBUF (control_IBUF)
     LUT6:I0->O            2   0.097   0.383  stagec1/stage16/mux1/t1 (stagec1/p<0>)
     LUT3:I1->O            4   0.097   0.570  stagec1/stage8/mux1/t1 (stagec1/q<0>)
     LUT6:I2->O            4   0.097   0.570  stagec1/stage2/mux3/t1 (stagec1/s<2>)
     LUT6:I2->O            1   0.097   0.279  stagec2/mux30/t1 (out_29_OBUF)
     OBUF:I->O                 0.000          out_29_OBUF (out<29>)
    ----------------------------------------
    Total                      2.997ns (0.389ns logic, 2.608ns route)
                                       (13.0% logic, 87.0% route)

=========================================================================

Cross Clock Domains Report:
--------------------------

=========================================================================


Total REAL time to Xst completion: 7.00 secs
Total CPU time to Xst completion: 7.23 secs
 
--> 

Total memory usage is 4626928 kilobytes

Number of errors   :    0 (   0 filtered)
Number of warnings :    0 (   0 filtered)
Number of infos    :    0 (   0 filtered)

