ISim log file
Running: D:\VLSI\Assignment3\model_test_bench_isim_beh.exe -intstyle ise -gui -tclbatch isim.cmd -wdb D:/VLSI/Assignment3/model_test_bench_isim_beh.wdb 
ISim P.20131013 (signature 0x7708f090)
WARNING: A WEBPACK license was found.
WARNING: Please use Xilinx License Configuration Manager to check out a full ISim license.
WARNING: ISim will run in Lite mode. Please refer to the ISim documentation for more information on the differences between the Lite and the Full version.
This is a Lite version of ISim.
Time resolution is 1 ps
# onerror resume
# wave add /
# run 1000 ns
Simulator is doing circuit initialization process.
Time = 0, Reset
Finished circuit initialization process.
Time = 0, Remaining in state S0
Time = 100, Changing from state S0 to S1
Time = 150, Changing from state S1 to S2
Time = 200, Changing from state S2 to S0
Time = 250, Remaining in state S2
Time = 250, Remaining in state S0
Time = 300, Changing from state S0 to S2
Time = 350, Changing from state S0 to S1
Time = 350, Changing from state S2 to S0
Time = 400, Remaining in state S2
Time = 400, Remaining in state S0
Time = 450, Changing from state S0 to S2
Time = 500, Changing from state S2 to S1
Time = 550, Remaining in state S2
Time = 550, Remaining in state S0
Time = 650, Changing from state S0 to S2
Time = 700, Changing from state S0 to S1
Time = 700, Changing from state S2 to S0
Time = 750, Changing from state S0 to S1
Time = 800, Changing from state S1 to S2
Time = 850, Changing from state S2 to S0
Time = 900, Changing from state S0 to S1
Time = 950, Changing from state S1 to S2
Time = 1000, Changing from state S2 to S0
