Command line:
   mux2to1_isim_beh.exe
     -simmode  gui
     -simrunnum  0
     -socket  52015

Fri Mar 06 16:41:01 2020


 Elaboration Time: 0.015625 sec

 Current Memory Usage: 5160.58 Meg

 Total Signals          : 17
 Total Nets             : 17
 Total Signal Drivers   : 6
 Total Blocks           : 2
 Total Primitive Blocks : 2
 Total Processes        : 7
 Total Traceable Variables  : 18
 Total Scalar Nets and Variables : 97
Total Line Count : 15

 Total Simulation Time: 0.5625 sec

 Current Memory Usage: 5003.3 Meg

Fri Mar 06 16:49:56 2020

